TN:
SF:app\api\search\route.ts
FN:3,GET
FNF:1
FNH:1
FNDA:3,GET
DA:1,1
DA:3,3
DA:4,3
DA:6,3
DA:7,1
DA:8,1
DA:9,1
DA:10,1
DA:11,1
DA:13,2
DA:14,2
DA:15,1
DA:16,1
DA:17,1
DA:18,1
DA:19,1
DA:20,1
DA:21,1
DA:22,3
LF:19
LH:19
BRDA:3,0,0,3
BRDA:6,1,0,2
BRDA:6,2,0,1
BRDA:11,3,0,2
BRDA:14,4,0,1
BRF:5
BRH:5
end_of_record
TN:
SF:lib\ebay-auth.ts
FN:3,getAccessToken
FNF:1
FNH:1
FNDA:5,getAccessToken
DA:1,1
DA:3,5
DA:4,5
DA:5,5
DA:6,5
DA:8,5
DA:9,1
DA:10,1
DA:11,1
DA:12,1
DA:14,5
DA:15,1
DA:16,1
DA:18,3
DA:20,3
DA:21,3
DA:22,3
DA:23,3
DA:24,3
DA:25,3
DA:26,3
DA:27,3
DA:28,3
DA:30,5
DA:31,1
DA:32,1
DA:33,1
DA:34,1
DA:36,2
DA:37,2
DA:38,2
DA:39,2
DA:40,2
DA:41,2
DA:42,2
DA:43,2
DA:44,5
DA:45,0
DA:46,0
DA:48,2
DA:49,2
DA:50,2
DA:52,2
DA:54,2
DA:55,2
LF:45
LH:43
BRDA:3,0,0,5
BRDA:8,1,0,4
BRDA:8,2,0,4
BRDA:8,3,0,1
BRDA:12,4,0,4
BRDA:14,5,0,1
BRDA:14,6,0,1
BRDA:16,7,0,3
BRDA:30,8,0,1
BRDA:34,9,0,2
BRDA:39,10,0,2
BRDA:40,11,0,2
BRDA:41,12,0,2
BRDA:42,13,0,2
BRDA:44,14,0,0
BRDA:46,15,0,2
BRF:16
BRH:15
end_of_record
TN:
SF:lib\ebay-client.ts
FN:26,mapItemToEbayItem
FN:38,searchItems
FNF:2
FNH:2
FNDA:2,mapItemToEbayItem
FNDA:3,searchItems
DA:1,1
DA:26,2
DA:27,2
DA:28,2
DA:29,2
DA:30,2
DA:31,2
DA:32,2
DA:33,2
DA:34,2
DA:35,2
DA:36,2
DA:38,3
DA:39,3
DA:40,3
DA:41,3
DA:42,3
DA:43,3
DA:44,0
DA:45,0
DA:47,3
DA:48,3
DA:50,3
DA:51,3
DA:52,3
DA:53,3
DA:54,3
DA:56,3
DA:57,1
DA:58,1
DA:60,2
DA:61,2
DA:62,2
DA:64,3
DA:65,1
DA:66,1
DA:68,1
DA:69,1
LF:38
LH:36
BRDA:26,0,0,2
BRDA:28,1,0,0
BRDA:29,2,0,0
BRDA:30,3,0,1
BRDA:30,4,0,1
BRDA:31,5,0,1
BRDA:31,6,0,1
BRDA:32,7,0,1
BRDA:33,8,0,1
BRDA:33,9,0,1
BRDA:34,10,0,1
BRDA:38,11,0,3
BRDA:43,12,0,0
BRDA:56,13,0,1
BRDA:58,14,0,2
BRDA:64,15,0,1
BRDA:64,16,0,1
BRF:17
BRH:14
end_of_record
