TN:
SF:app\api\search\route.ts
FN:4,GET
FNF:1
FNH:1
FNDA:11,GET
DA:1,1
DA:4,11
DA:5,11
DA:6,11
DA:8,11
DA:9,1
DA:10,1
DA:11,1
DA:12,1
DA:13,1
DA:15,11
DA:16,11
DA:17,11
DA:19,11
DA:20,11
DA:21,11
DA:22,11
DA:24,11
DA:25,2
DA:26,2
DA:27,2
DA:28,11
DA:29,2
DA:30,2
DA:31,2
DA:32,11
DA:33,2
DA:34,2
DA:36,10
DA:37,10
DA:38,9
DA:39,9
DA:40,11
DA:41,1
DA:42,1
DA:43,1
DA:44,1
DA:45,1
DA:46,1
DA:47,1
DA:48,11
LF:41
LH:41
BRDA:4,0,0,11
BRDA:8,1,0,10
BRDA:8,2,0,1
BRDA:13,3,0,10
BRDA:15,4,0,7
BRDA:15,5,0,0
BRDA:22,6,0,8
BRDA:24,7,0,3
BRDA:24,8,0,2
BRDA:27,9,0,10
BRDA:28,10,0,3
BRDA:28,11,0,2
BRDA:31,12,0,10
BRDA:32,13,0,2
BRDA:34,14,0,10
BRDA:37,15,0,9
BRDA:40,16,0,1
BRDA:41,17,0,0
BRF:18
BRH:16
end_of_record
TN:
SF:lib\ebay-auth.ts
FN:3,clearAccessTokenCache
FN:7,getAccessToken
FNF:2
FNH:2
FNDA:1,clearAccessTokenCache
FNDA:8,getAccessToken
DA:1,1
DA:3,1
DA:4,1
DA:5,1
DA:7,8
DA:8,8
DA:9,8
DA:10,8
DA:12,8
DA:13,1
DA:14,1
DA:15,1
DA:16,1
DA:18,8
DA:19,1
DA:20,1
DA:22,6
DA:24,6
DA:25,6
DA:26,6
DA:27,6
DA:28,6
DA:29,6
DA:30,6
DA:31,6
DA:32,6
DA:34,8
DA:35,1
DA:36,1
DA:37,1
DA:38,1
DA:40,5
DA:41,5
DA:42,5
DA:43,5
DA:44,5
DA:45,4
DA:46,4
DA:47,4
DA:48,8
DA:49,1
DA:50,1
DA:52,4
DA:53,4
DA:54,4
DA:56,4
DA:58,4
DA:59,4
LF:48
LH:48
BRDA:3,0,0,1
BRDA:7,1,0,8
BRDA:12,2,0,7
BRDA:12,3,0,7
BRDA:12,4,0,1
BRDA:16,5,0,7
BRDA:18,6,0,1
BRDA:18,7,0,1
BRDA:20,8,0,6
BRDA:34,9,0,1
BRDA:38,10,0,5
BRDA:43,11,0,5
BRDA:44,12,0,4
BRDA:45,13,0,4
BRDA:46,14,0,4
BRDA:48,15,0,1
BRDA:50,16,0,4
BRF:17
BRH:17
end_of_record
TN:
SF:lib\ebay-client.ts
FN:30,mapItemToEbayItem
FN:42,searchItems
FN:79,items.items
FN:114,getResponseWithToken
FNF:4
FNH:4
FNDA:4,mapItemToEbayItem
FNDA:19,searchItems
FNDA:10,items.items
FNDA:9,getResponseWithToken
DA:1,1
DA:5,1
DA:30,4
DA:31,4
DA:32,4
DA:33,4
DA:34,4
DA:35,4
DA:36,4
DA:37,4
DA:38,4
DA:39,4
DA:40,4
DA:42,19
DA:43,19
DA:44,19
DA:45,19
DA:46,19
DA:47,19
DA:48,19
DA:49,10
DA:50,10
DA:52,10
DA:53,10
DA:54,200
DA:55,185
DA:56,10
DA:58,10
DA:59,1
DA:60,1
DA:61,1
DA:62,1
DA:63,10
DA:64,1
DA:65,1
DA:66,1
DA:67,1
DA:68,10
DA:69,1
DA:70,1
DA:71,1
DA:72,1
DA:73,1
DA:75,10
DA:76,10
DA:79,10
DA:80,10
DA:81,10
DA:83,9
DA:84,19
DA:85,1
DA:86,1
DA:89,8
DA:90,19
DA:91,1
DA:92,1
DA:93,1
DA:94,1
DA:95,19
DA:97,1
DA:98,1
DA:99,1
DA:100,1
DA:101,1
DA:102,1
DA:103,1
DA:104,1
DA:105,0
DA:106,1
DA:107,1
DA:109,8
DA:110,19
DA:111,2
DA:112,2
DA:114,8
DA:115,9
DA:116,9
DA:117,9
DA:118,9
DA:119,9
DA:120,9
DA:121,9
DA:123,8
DA:124,19
DA:126,1
DA:127,1
DA:128,1
DA:129,19
DA:130,1
DA:131,1
DA:133,7
DA:134,7
DA:135,7
DA:137,19
DA:138,4
DA:139,4
DA:141,3
DA:142,3
DA:143,19
DA:144,19
DA:145,19
LF:101
LH:100
BRDA:30,0,0,4
BRDA:32,1,0,0
BRDA:33,2,0,0
BRDA:34,3,0,1
BRDA:34,4,0,3
BRDA:35,5,0,1
BRDA:35,6,0,3
BRDA:36,7,0,3
BRDA:37,8,0,1
BRDA:37,9,0,3
BRDA:38,10,0,3
BRDA:42,11,0,19
BRDA:48,12,0,10
BRDA:50,13,0,0
BRDA:58,14,0,3
BRDA:58,15,0,1
BRDA:63,16,0,3
BRDA:63,17,0,1
BRDA:68,18,0,3
BRDA:68,19,0,1
BRDA:68,20,0,1
BRDA:81,21,0,9
BRDA:84,22,0,1
BRDA:86,23,0,8
BRDA:90,24,0,2
BRDA:90,25,0,7
BRDA:90,26,0,1
BRDA:90,27,0,1
BRDA:91,28,0,0
BRDA:92,29,0,0
BRDA:94,30,0,8
BRDA:95,31,0,2
BRDA:95,32,0,1
BRDA:95,33,0,1
BRDA:104,34,0,0
BRDA:107,35,0,8
BRDA:110,36,0,2
BRDA:112,37,0,8
BRDA:124,38,0,1
BRDA:128,39,0,8
BRDA:129,40,0,1
BRDA:131,41,0,7
BRDA:137,42,0,6
BRDA:137,43,0,4
BRDA:138,44,0,1
BRDA:139,45,0,3
BRDA:143,46,0,0
BRDA:53,47,0,200
BRDA:54,48,0,185
BRDA:60,49,0,10
BRDA:65,50,0,3
BRDA:71,51,0,3
BRDA:79,52,0,10
BRDA:114,53,0,9
BRF:54
BRH:47
end_of_record
TN:
SF:lib\mock-data.ts
FN:3,validateUrl
FN:13,validateMockItem
FNF:2
FNH:2
FNDA:680,validateUrl
FNDA:340,validateMockItem
DA:3,680
DA:4,680
DA:5,680
DA:6,680
DA:7,680
DA:8,680
DA:9,0
DA:10,0
DA:11,680
DA:13,340
DA:14,340
DA:15,0
DA:16,0
DA:17,340
DA:18,0
DA:19,0
DA:20,340
DA:22,1
DA:23,1
DA:24,1
DA:25,1
DA:26,1
DA:27,1
DA:28,1
DA:29,1
DA:30,1
DA:31,1
DA:32,1
DA:33,1
DA:34,1
DA:35,1
DA:36,1
DA:37,1
DA:38,1
DA:39,1
DA:40,1
DA:41,1
DA:42,1
DA:43,1
DA:44,1
DA:45,1
DA:46,1
DA:47,1
DA:48,1
DA:49,1
DA:50,1
DA:51,1
DA:52,1
DA:53,1
DA:54,1
DA:55,1
DA:56,1
DA:57,1
DA:58,1
DA:59,1
DA:60,1
DA:61,1
DA:62,1
DA:63,1
DA:64,1
DA:65,1
DA:66,1
DA:67,1
DA:68,1
DA:69,1
DA:70,1
DA:71,1
DA:72,1
DA:73,1
DA:74,1
DA:75,1
DA:76,1
DA:77,1
DA:78,1
DA:79,1
DA:80,1
DA:81,1
DA:82,1
DA:83,1
DA:84,1
DA:85,1
DA:86,1
DA:87,1
DA:88,1
DA:89,1
DA:90,1
DA:91,1
DA:92,1
DA:93,1
DA:94,1
DA:95,1
DA:96,1
DA:97,1
DA:98,1
DA:99,1
DA:100,1
DA:101,1
DA:102,1
DA:103,1
DA:104,1
DA:105,1
DA:106,1
DA:107,1
DA:108,1
DA:109,1
DA:110,1
DA:111,1
DA:112,1
DA:113,1
DA:114,1
DA:115,1
DA:116,1
DA:117,1
DA:118,1
DA:119,1
DA:120,1
DA:121,1
DA:122,1
DA:123,1
DA:124,1
DA:125,1
DA:126,1
DA:127,1
DA:128,1
DA:129,1
DA:130,1
DA:131,1
DA:132,1
DA:133,1
DA:134,1
DA:135,1
DA:136,1
DA:137,1
DA:138,1
DA:139,1
DA:140,1
DA:141,1
DA:142,1
DA:143,1
DA:144,1
DA:145,1
DA:146,1
DA:147,1
DA:148,1
DA:149,1
DA:150,1
DA:151,1
DA:152,1
DA:153,1
DA:154,1
DA:155,1
DA:156,1
DA:157,1
DA:158,1
DA:159,1
DA:160,1
DA:161,1
DA:162,1
DA:163,1
DA:164,1
DA:165,1
DA:166,1
DA:167,1
DA:168,1
DA:169,1
DA:170,1
DA:171,1
DA:172,1
DA:173,1
DA:174,1
DA:175,1
DA:176,1
DA:177,1
DA:178,1
DA:179,1
DA:180,1
DA:181,1
DA:182,1
DA:183,1
DA:184,1
DA:185,1
DA:186,1
DA:187,1
DA:188,1
DA:189,1
DA:190,1
DA:191,1
DA:192,1
DA:193,1
DA:194,1
DA:195,1
DA:196,1
DA:197,1
DA:198,1
DA:199,1
DA:200,1
DA:201,1
DA:202,1
DA:203,1
DA:204,340
DA:205,340
DA:206,340
LF:202
LH:196
BRDA:3,0,0,680
BRDA:4,1,0,0
BRDA:8,2,0,0
BRDA:13,3,0,340
BRDA:14,4,0,0
BRDA:17,5,0,0
BRDA:203,6,0,340
BRF:7
BRH:3
end_of_record
